Many modules are hidden in this stack. Use "module --show_hidden spider SOFTWARE" if you are not able to find the required software

The following have been reloaded with a version change:
  1) stack/.2024-04-silent => stack/2024-04


----------------------------------------------------------------------------
  gcc: gcc/8.5.0
----------------------------------------------------------------------------

    You will need to load all module(s) on any one of the lines below before the "gcc/8.5.0" module is available to load.

      stack/.2024-04-silent
      stack/2024-04
 
    Help:
      The GNU Compiler Collection includes front ends for C, C++, Objective-C,
      Fortran, Ada, and Go, as well as libraries for these languages.


 

  0%|          | 0/25 [00:00<?, ?it/s] 20%|██        | 5/25 [00:00<00:00, 47.23it/s] 44%|████▍     | 11/25 [00:00<00:00, 49.20it/s] 64%|██████▍   | 16/25 [00:00<00:00, 49.38it/s] 84%|████████▍ | 21/25 [00:00<00:00, 48.01it/s]100%|██████████| 25/25 [00:00<00:00, 47.61it/s]
Index(['Unnamed: 0', 'GPP', 'Tair', 'vpd', 'SWdown', 'LWdown',
       'SWdown_clearsky', 'LST_TERRA_Day', 'LST_TERRA_Night', 'EVI', 'NIRv',
       'NDWI_band7', 'LAI', 'fPAR', 'hour', 'IGBP_veg_short_b'MF'', 'site_id',
       'cluster', 'IGBP_veg_short_b'GRA'', 'IGBP_veg_short_b'ENF'',
       'IGBP_veg_short_b'SAV'', 'IGBP_veg_short_b'EBF'',
       'IGBP_veg_short_b'WSA'', 'IGBP_veg_short_b'DBF'',
       'IGBP_veg_short_b'OSH'', 'IGBP_veg_short_b'CRO'',
       'IGBP_veg_short_b'CSH'', 'IGBP_veg_short_b'WET'',
       'IGBP_veg_short_b'CVM''],
      dtype='object')
  0%|          | 0/290 [00:00<?, ?it/s]  0%|          | 1/290 [00:08<41:03,  8.52s/it]  1%|          | 2/290 [01:01<2:46:30, 34.69s/it]/var/spool/slurm/slurmd/state/job21566542/slurm_script: line 17: 3051249 Killed                  python /cluster/project/math/akmete/MSc/preprocessing/prepareforLSTM.py
slurmstepd: error: Detected 1 oom_kill event in StepId=21566542.batch. Some of the step tasks have been OOM Killed.
