Many modules are hidden in this stack. Use "module --show_hidden spider SOFTWARE" if you are not able to find the required software

The following have been reloaded with a version change:
  1) stack/.2024-04-silent => stack/2024-04


----------------------------------------------------------------------------
  gcc: gcc/8.5.0
----------------------------------------------------------------------------

    You will need to load all module(s) on any one of the lines below before the "gcc/8.5.0" module is available to load.

      stack/.2024-04-silent
      stack/2024-04
 
    Help:
      The GNU Compiler Collection includes front ends for C, C++, Objective-C,
      Fortran, Ada, and Go, as well as libraries for these languages.


 

cluster
5    4950022
0    4153092
6    3881768
7    3536259
9    3429378
1    2210382
8    1899565
3    1815915
2    1814714
4    1592242
Name: count, dtype: int64
