Many modules are hidden in this stack. Use "module --show_hidden spider SOFTWARE" if you are not able to find the required software

The following have been reloaded with a version change:
  1) stack/.2024-04-silent => stack/2024-04


----------------------------------------------------------------------------
  gcc: gcc/8.5.0
----------------------------------------------------------------------------

    You will need to load all module(s) on any one of the lines below before the "gcc/8.5.0" module is available to load.

      stack/.2024-04-silent
      stack/2024-04
 
    Help:
      The GNU Compiler Collection includes front ends for C, C++, Objective-C,
      Fortran, Ada, and Go, as well as libraries for these languages.


 

            GPP     Tair  ...  IGBP_veg_short_b'WET'  IGBP_veg_short_b'CVM'
0 -2.190074e-08  296.539  ...                    0.0                    0.0
1 -2.026436e-08  296.780  ...                    0.0                    0.0
2 -2.037174e-08  296.932  ...                    0.0                    0.0
3 -1.944209e-08  297.050  ...                    0.0                    0.0
4 -1.816712e-08  297.650  ...                    0.0                    0.0

[5 rows x 28 columns]
df_balanced_groups_nonans saved.
