Many modules are hidden in this stack. Use "module --show_hidden spider SOFTWARE" if you are not able to find the required software

The following have been reloaded with a version change:
  1) stack/.2024-04-silent => stack/2024-04


----------------------------------------------------------------------------
  gcc: gcc/8.5.0
----------------------------------------------------------------------------

    You will need to load all module(s) on any one of the lines below before the "gcc/8.5.0" module is available to load.

      stack/.2024-04-silent
      stack/2024-04
 
    Help:
      The GNU Compiler Collection includes front ends for C, C++, Objective-C,
      Fortran, Ada, and Go, as well as libraries for these languages.


 


  0%|          | 0/25 [00:00<?, ?it/s]
 20%|██        | 5/25 [00:00<00:00, 49.98it/s]
 44%|████▍     | 11/25 [00:00<00:00, 51.52it/s]
 68%|██████▊   | 17/25 [00:00<00:00, 51.74it/s]
 92%|█████████▏| 23/25 [00:00<00:00, 52.08it/s]
100%|██████████| 25/25 [00:00<00:00, 50.92it/s]
Index(['Unnamed: 0', 'GPP', 'Tair', 'vpd', 'SWdown', 'LWdown',
       'SWdown_clearsky', 'LST_TERRA_Day', 'LST_TERRA_Night', 'EVI', 'NIRv',
       'NDWI_band7', 'LAI', 'fPAR', 'hour', 'IGBP_veg_short_b'MF'', 'site_id',
       'cluster', 'IGBP_veg_short_b'GRA'', 'IGBP_veg_short_b'ENF'',
       'IGBP_veg_short_b'SAV'', 'IGBP_veg_short_b'EBF'',
       'IGBP_veg_short_b'WSA'', 'IGBP_veg_short_b'DBF'',
       'IGBP_veg_short_b'OSH'', 'IGBP_veg_short_b'CRO'',
       'IGBP_veg_short_b'CSH'', 'IGBP_veg_short_b'WET'',
       'IGBP_veg_short_b'CVM''],
      dtype='object')

0it [00:00, ?it/s]
1it [31:48, 1908.06s/it]
2it [1:06:40, 2016.58s/it]
3it [1:41:51, 2059.58s/it]
4it [2:15:49, 2050.93s/it]
5it [2:51:29, 2083.17s/it]
6it [3:23:11, 2021.71s/it]
7it [3:55:52, 2001.85s/it]
8it [4:29:15, 2002.07s/it]
9it [5:03:44, 2022.97s/it]10it [5:35:51, 1993.33s/it]10it [5:35:51, 2015.12s/it]
[16:55:00] WARNING: /workspace/src/learner.cc:686: Tree method is automatically selected to be 'approx' for faster speed. To use old behavior (exact greedy algorithm on single machine), set tree_method to 'exact'.
[17:26:48] WARNING: /workspace/src/learner.cc:686: Tree method is automatically selected to be 'approx' for faster speed. To use old behavior (exact greedy algorithm on single machine), set tree_method to 'exact'.
[18:01:40] WARNING: /workspace/src/learner.cc:686: Tree method is automatically selected to be 'approx' for faster speed. To use old behavior (exact greedy algorithm on single machine), set tree_method to 'exact'.
[18:36:51] WARNING: /workspace/src/learner.cc:686: Tree method is automatically selected to be 'approx' for faster speed. To use old behavior (exact greedy algorithm on single machine), set tree_method to 'exact'.
[19:10:48] WARNING: /workspace/src/learner.cc:686: Tree method is automatically selected to be 'approx' for faster speed. To use old behavior (exact greedy algorithm on single machine), set tree_method to 'exact'.
[19:46:28] WARNING: /workspace/src/learner.cc:686: Tree method is automatically selected to be 'approx' for faster speed. To use old behavior (exact greedy algorithm on single machine), set tree_method to 'exact'.
[20:18:11] WARNING: /workspace/src/learner.cc:686: Tree method is automatically selected to be 'approx' for faster speed. To use old behavior (exact greedy algorithm on single machine), set tree_method to 'exact'.
[20:50:53] WARNING: /workspace/src/learner.cc:686: Tree method is automatically selected to be 'approx' for faster speed. To use old behavior (exact greedy algorithm on single machine), set tree_method to 'exact'.
[21:24:15] WARNING: /workspace/src/learner.cc:686: Tree method is automatically selected to be 'approx' for faster speed. To use old behavior (exact greedy algorithm on single machine), set tree_method to 'exact'.
[21:58:44] WARNING: /workspace/src/learner.cc:686: Tree method is automatically selected to be 'approx' for faster speed. To use old behavior (exact greedy algorithm on single machine), set tree_method to 'exact'.
   group_left_out       mse
0               0  0.000279
1               1  0.000382
2               2  0.000233
3               3  0.000333
4               4  0.000180
5               5  0.000485
6               6  0.000348
7               7  0.000068
8               8  0.000466
9               9  0.000299
