Many modules are hidden in this stack. Use "module --show_hidden spider SOFTWARE" if you are not able to find the required software

The following have been reloaded with a version change:
  1) stack/.2024-04-silent => stack/2024-04


----------------------------------------------------------------------------
  gcc: gcc/8.5.0
----------------------------------------------------------------------------

    You will need to load all module(s) on any one of the lines below before the "gcc/8.5.0" module is available to load.

      stack/.2024-04-silent
      stack/2024-04
 
    Help:
      The GNU Compiler Collection includes front ends for C, C++, Objective-C,
      Fortran, Ada, and Go, as well as libraries for these languages.


 

Index(['Unnamed: 0', 'GPP', 'Tair', 'vpd', 'SWdown', 'LWdown',
       'SWdown_clearsky', 'LST_TERRA_Day', 'LST_TERRA_Night', 'EVI', 'NIRv',
       'NDWI_band7', 'LAI', 'fPAR', 'hour', 'IGBP_veg_short_b'MF'', 'site_id',
       'cluster', 'IGBP_veg_short_b'GRA'', 'IGBP_veg_short_b'ENF'',
       'IGBP_veg_short_b'SAV'', 'IGBP_veg_short_b'EBF'',
       'IGBP_veg_short_b'WSA'', 'IGBP_veg_short_b'DBF'',
       'IGBP_veg_short_b'OSH'', 'IGBP_veg_short_b'CRO'',
       'IGBP_veg_short_b'CSH'', 'IGBP_veg_short_b'WET'',
       'IGBP_veg_short_b'CVM''],
      dtype='object')
Index(['GPP', 'Tair', 'vpd', 'SWdown', 'LWdown', 'SWdown_clearsky',
       'LST_TERRA_Day', 'LST_TERRA_Night', 'EVI', 'NIRv', 'NDWI_band7', 'LAI',
       'fPAR', 'hour', 'IGBP_veg_short_b'MF'', 'site_id',
       'IGBP_veg_short_b'GRA'', 'IGBP_veg_short_b'ENF'',
       'IGBP_veg_short_b'SAV'', 'IGBP_veg_short_b'EBF'',
       'IGBP_veg_short_b'WSA'', 'IGBP_veg_short_b'DBF'',
       'IGBP_veg_short_b'OSH'', 'IGBP_veg_short_b'CRO'',
       'IGBP_veg_short_b'CSH'', 'IGBP_veg_short_b'WET'',
       'IGBP_veg_short_b'CVM''],
      dtype='object')
            GPP     Tair  ...  IGBP_veg_short_b'CVM'  cluster
0 -2.190074e-08  296.539  ...                    NaN        7
1 -2.026436e-08  296.780  ...                    NaN        7
2 -2.037174e-08  296.932  ...                    NaN        7
3 -1.944209e-08  297.050  ...                    NaN        7
4 -1.816712e-08  297.650  ...                    NaN        7

[5 rows x 28 columns]
29283337
Number of rows per cluster:
cluster
1     4119329
2     2317070
3     2711056
4     2515760
5     1985625
6     1809149
7     3221351
8     3538100
9     4379487
10    2686410
Name: count, dtype: int64

Number of unique sites per cluster:
cluster
1     36
2     24
3     33
4     30
5     24
6     25
7     33
8     33
9     30
10    22
Name: site_id, dtype: int64
