
----------------------------------------------------------------------------
  gcc: gcc/8.5.0
----------------------------------------------------------------------------

    You will need to load all module(s) on any one of the lines below before the "gcc/8.5.0" module is available to load.

      stack/.2024-04-silent
      stack/2024-04
 
    Help:
      The GNU Compiler Collection includes front ends for C, C++, Objective-C,
      Fortran, Ada, and Go, as well as libraries for these languages.


 

Columns: Index(['GPP', 'Tair', 'vpd', 'SWdown', 'LWdown', 'SWdown_clearsky',
       'IGBP_veg_short', 'LST_TERRA_Day', 'LST_TERRA_Night', 'LAI', 'fPAR',
       'site_id'],
      dtype='object')
Loaded dataframe.
Number of subsets: 1023
Processing site: US-Me5
Stability threshold (alpha_stab): 1.9078092009294778e-05
For site US-Me5 G_hat count: 104
For site US-Me5 O_hat count: 8
O_hat subsets for site US-Me5 : [['Tair', 'vpd', 'SWdown', 'LST_TERRA_Day', 'LST_TERRA_Night', 'LAI'], ['Tair', 'vpd', 'SWdown', 'LWdown', 'LST_TERRA_Day', 'LST_TERRA_Night', 'LAI'], ['Tair', 'vpd', 'SWdown', 'IGBP_veg_short', 'LST_TERRA_Day', 'LST_TERRA_Night', 'LAI'], ['Tair', 'vpd', 'SWdown', 'LST_TERRA_Day', 'LST_TERRA_Night', 'LAI', 'fPAR'], ['Tair', 'vpd', 'SWdown', 'LWdown', 'IGBP_veg_short', 'LST_TERRA_Day', 'LST_TERRA_Night', 'LAI'], ['Tair', 'vpd', 'SWdown', 'LWdown', 'LST_TERRA_Day', 'LST_TERRA_Night', 'LAI', 'fPAR'], ['Tair', 'vpd', 'SWdown', 'IGBP_veg_short', 'LST_TERRA_Day', 'LST_TERRA_Night', 'LAI', 'fPAR'], ['Tair', 'vpd', 'SWdown', 'LWdown', 'IGBP_veg_short', 'LST_TERRA_Day', 'LST_TERRA_Night', 'LAI', 'fPAR']]
Site US-Me5 Ensemble MSE (scaled): 0.004196114508414468
Site US-Me5 Full model MSE (scaled): 0.0039425743743777275
Results saved to results_site_US-Me5.csv
