
----------------------------------------------------------------------------
  gcc: gcc/8.5.0
----------------------------------------------------------------------------

    You will need to load all module(s) on any one of the lines below before the "gcc/8.5.0" module is available to load.

      stack/.2024-04-silent
      stack/2024-04
 
    Help:
      The GNU Compiler Collection includes front ends for C, C++, Objective-C,
      Fortran, Ada, and Go, as well as libraries for these languages.


 

Columns: Index(['GPP', 'Tair', 'vpd', 'SWdown', 'LWdown', 'SWdown_clearsky',
       'IGBP_veg_short', 'LST_TERRA_Day', 'LST_TERRA_Night', 'LAI', 'fPAR',
       'site_id'],
      dtype='object')
Loaded dataframe.
Number of subsets: 1023
Processing site: US-LWW
Stability threshold (alpha_stab): 2.8252585252630524e-05
For site US-LWW G_hat count: 112
For site US-LWW O_hat count: 16
O_hat subsets for site US-LWW : [['Tair', 'vpd', 'SWdown', 'LAI', 'fPAR'], ['Tair', 'vpd', 'SWdown', 'LWdown', 'LAI', 'fPAR'], ['Tair', 'vpd', 'SWdown', 'IGBP_veg_short', 'LAI', 'fPAR'], ['Tair', 'vpd', 'SWdown', 'LST_TERRA_Day', 'LAI', 'fPAR'], ['Tair', 'vpd', 'SWdown', 'LST_TERRA_Night', 'LAI', 'fPAR'], ['Tair', 'vpd', 'SWdown', 'LWdown', 'IGBP_veg_short', 'LAI', 'fPAR'], ['Tair', 'vpd', 'SWdown', 'LWdown', 'LST_TERRA_Day', 'LAI', 'fPAR'], ['Tair', 'vpd', 'SWdown', 'LWdown', 'LST_TERRA_Night', 'LAI', 'fPAR'], ['Tair', 'vpd', 'SWdown', 'IGBP_veg_short', 'LST_TERRA_Day', 'LAI', 'fPAR'], ['Tair', 'vpd', 'SWdown', 'IGBP_veg_short', 'LST_TERRA_Night', 'LAI', 'fPAR'], ['Tair', 'vpd', 'SWdown', 'LST_TERRA_Day', 'LST_TERRA_Night', 'LAI', 'fPAR'], ['Tair', 'vpd', 'SWdown', 'LWdown', 'IGBP_veg_short', 'LST_TERRA_Day', 'LAI', 'fPAR'], ['Tair', 'vpd', 'SWdown', 'LWdown', 'IGBP_veg_short', 'LST_TERRA_Night', 'LAI', 'fPAR'], ['Tair', 'vpd', 'SWdown', 'LWdown', 'LST_TERRA_Day', 'LST_TERRA_Night', 'LAI', 'fPAR'], ['Tair', 'vpd', 'SWdown', 'IGBP_veg_short', 'LST_TERRA_Day', 'LST_TERRA_Night', 'LAI', 'fPAR'], ['Tair', 'vpd', 'SWdown', 'LWdown', 'IGBP_veg_short', 'LST_TERRA_Day', 'LST_TERRA_Night', 'LAI', 'fPAR']]
Site US-LWW Ensemble MSE (scaled): 0.0035801592528991034
Site US-LWW Full model MSE (scaled): 0.003645931836217642
Results saved to results_site_US-LWW.csv
