
----------------------------------------------------------------------------
  gcc: gcc/8.5.0
----------------------------------------------------------------------------

    You will need to load all module(s) on any one of the lines below before the "gcc/8.5.0" module is available to load.

      stack/.2024-04-silent
      stack/2024-04
 
    Help:
      The GNU Compiler Collection includes front ends for C, C++, Objective-C,
      Fortran, Ada, and Go, as well as libraries for these languages.


 

Columns: Index(['GPP', 'Tair', 'vpd', 'SWdown', 'LWdown', 'SWdown_clearsky',
       'IGBP_veg_short', 'LST_TERRA_Day', 'LST_TERRA_Night', 'LAI', 'fPAR',
       'site_id'],
      dtype='object')
Loaded dataframe.
Number of subsets: 1023
Processing site: CA-NS3
Stability threshold (alpha_stab): 9.351964763482101e-06
For site CA-NS3 G_hat count: 106
For site CA-NS3 O_hat count: 8
O_hat subsets for site CA-NS3 : [['Tair', 'vpd', 'SWdown', 'SWdown_clearsky', 'LST_TERRA_Day', 'LST_TERRA_Night', 'fPAR'], ['Tair', 'vpd', 'SWdown', 'LWdown', 'SWdown_clearsky', 'LST_TERRA_Day', 'LST_TERRA_Night', 'fPAR'], ['Tair', 'vpd', 'SWdown', 'SWdown_clearsky', 'IGBP_veg_short', 'LST_TERRA_Day', 'LST_TERRA_Night', 'fPAR'], ['Tair', 'vpd', 'SWdown', 'SWdown_clearsky', 'LST_TERRA_Day', 'LST_TERRA_Night', 'LAI', 'fPAR'], ['Tair', 'vpd', 'SWdown', 'LWdown', 'SWdown_clearsky', 'IGBP_veg_short', 'LST_TERRA_Day', 'LST_TERRA_Night', 'fPAR'], ['Tair', 'vpd', 'SWdown', 'LWdown', 'SWdown_clearsky', 'LST_TERRA_Day', 'LST_TERRA_Night', 'LAI', 'fPAR'], ['Tair', 'vpd', 'SWdown', 'SWdown_clearsky', 'IGBP_veg_short', 'LST_TERRA_Day', 'LST_TERRA_Night', 'LAI', 'fPAR'], ['Tair', 'vpd', 'SWdown', 'LWdown', 'SWdown_clearsky', 'IGBP_veg_short', 'LST_TERRA_Day', 'LST_TERRA_Night', 'LAI', 'fPAR']]
Site CA-NS3 Ensemble MSE (scaled): 0.0009476701704724359
Site CA-NS3 Full model MSE (scaled): 0.0009551651892252266
Results saved to results_site_CA-NS3.csv
