
----------------------------------------------------------------------------
  gcc: gcc/8.5.0
----------------------------------------------------------------------------

    You will need to load all module(s) on any one of the lines below before the "gcc/8.5.0" module is available to load.

      stack/.2024-04-silent
      stack/2024-04
 
    Help:
      The GNU Compiler Collection includes front ends for C, C++, Objective-C,
      Fortran, Ada, and Go, as well as libraries for these languages.


 

Columns: Index(['GPP', 'Tair', 'vpd', 'SWdown', 'LWdown', 'SWdown_clearsky',
       'IGBP_veg_short', 'LST_TERRA_Day', 'LST_TERRA_Night', 'LAI', 'fPAR',
       'site_id'],
      dtype='object')
Loaded dataframe.
Number of subsets: 1023
Processing site: US-Ro1
Stability threshold (alpha_stab): 8.634599907964002e-06
For site US-Ro1 G_hat count: 104
For site US-Ro1 O_hat count: 6
O_hat subsets for site US-Ro1 : [['Tair', 'vpd', 'SWdown', 'LWdown', 'SWdown_clearsky', 'LST_TERRA_Day', 'LST_TERRA_Night', 'LAI'], ['Tair', 'vpd', 'SWdown', 'SWdown_clearsky', 'LST_TERRA_Day', 'LST_TERRA_Night', 'LAI', 'fPAR'], ['vpd', 'SWdown', 'LWdown', 'SWdown_clearsky', 'LST_TERRA_Day', 'LST_TERRA_Night', 'LAI', 'fPAR'], ['Tair', 'vpd', 'SWdown', 'LWdown', 'SWdown_clearsky', 'IGBP_veg_short', 'LST_TERRA_Day', 'LST_TERRA_Night', 'LAI'], ['Tair', 'vpd', 'SWdown', 'SWdown_clearsky', 'IGBP_veg_short', 'LST_TERRA_Day', 'LST_TERRA_Night', 'LAI', 'fPAR'], ['vpd', 'SWdown', 'LWdown', 'SWdown_clearsky', 'IGBP_veg_short', 'LST_TERRA_Day', 'LST_TERRA_Night', 'LAI', 'fPAR']]
Site US-Ro1 Ensemble MSE (scaled): 0.0014053911526248342
Site US-Ro1 Full model MSE (scaled): 0.0014151936629787087
Results saved to results_site_US-Ro1.csv
