
----------------------------------------------------------------------------
  gcc: gcc/8.5.0
----------------------------------------------------------------------------

    You will need to load all module(s) on any one of the lines below before the "gcc/8.5.0" module is available to load.

      stack/.2024-04-silent
      stack/2024-04
 
    Help:
      The GNU Compiler Collection includes front ends for C, C++, Objective-C,
      Fortran, Ada, and Go, as well as libraries for these languages.


 

Columns: Index(['GPP', 'Tair', 'vpd', 'SWdown', 'LWdown', 'SWdown_clearsky',
       'IGBP_veg_short', 'LST_TERRA_Day', 'LST_TERRA_Night', 'LAI', 'fPAR',
       'site_id'],
      dtype='object')
Loaded dataframe.
Number of subsets: 1023
Processing site: CA-DB2
Stability threshold (alpha_stab): 6.668225978501141e-06
For site CA-DB2 G_hat count: 104
For site CA-DB2 O_hat count: 6
O_hat subsets for site CA-DB2 : [['Tair', 'SWdown', 'LWdown', 'LST_TERRA_Day', 'fPAR'], ['Tair', 'SWdown', 'LWdown', 'IGBP_veg_short', 'LST_TERRA_Day', 'fPAR'], ['Tair', 'vpd', 'SWdown', 'SWdown_clearsky', 'LST_TERRA_Day', 'LST_TERRA_Night', 'LAI'], ['Tair', 'SWdown', 'LWdown', 'SWdown_clearsky', 'LST_TERRA_Day', 'LST_TERRA_Night', 'LAI'], ['Tair', 'vpd', 'SWdown', 'SWdown_clearsky', 'IGBP_veg_short', 'LST_TERRA_Day', 'LST_TERRA_Night', 'LAI'], ['Tair', 'SWdown', 'LWdown', 'SWdown_clearsky', 'IGBP_veg_short', 'LST_TERRA_Day', 'LST_TERRA_Night', 'LAI']]
Site CA-DB2 Ensemble MSE (scaled): 0.00012338199701679596
Site CA-DB2 Full model MSE (scaled): 0.00012547223013825715
Results saved to results_site_CA-DB2.csv
