
----------------------------------------------------------------------------
  gcc: gcc/8.5.0
----------------------------------------------------------------------------

    You will need to load all module(s) on any one of the lines below before the "gcc/8.5.0" module is available to load.

      stack/.2024-04-silent
      stack/2024-04
 
    Help:
      The GNU Compiler Collection includes front ends for C, C++, Objective-C,
      Fortran, Ada, and Go, as well as libraries for these languages.


 

Columns: Index(['GPP', 'Tair', 'vpd', 'SWdown', 'LWdown', 'SWdown_clearsky',
       'IGBP_veg_short', 'LST_TERRA_Day', 'LST_TERRA_Night', 'LAI', 'fPAR',
       'site_id'],
      dtype='object')
Loaded dataframe.
Number of subsets: 1023
Processing site: US-ICs
Stability threshold (alpha_stab): 5.699022040062118e-06
For site US-ICs G_hat count: 104
For site US-ICs O_hat count: 8
O_hat subsets for site US-ICs : [['Tair', 'vpd', 'SWdown', 'SWdown_clearsky', 'LST_TERRA_Day', 'LST_TERRA_Night', 'fPAR'], ['Tair', 'vpd', 'SWdown', 'LWdown', 'SWdown_clearsky', 'LST_TERRA_Day', 'LST_TERRA_Night', 'fPAR'], ['Tair', 'vpd', 'SWdown', 'SWdown_clearsky', 'IGBP_veg_short', 'LST_TERRA_Day', 'LST_TERRA_Night', 'fPAR'], ['Tair', 'vpd', 'SWdown', 'SWdown_clearsky', 'LST_TERRA_Day', 'LST_TERRA_Night', 'LAI', 'fPAR'], ['Tair', 'vpd', 'SWdown', 'LWdown', 'SWdown_clearsky', 'IGBP_veg_short', 'LST_TERRA_Day', 'LST_TERRA_Night', 'fPAR'], ['Tair', 'vpd', 'SWdown', 'LWdown', 'SWdown_clearsky', 'LST_TERRA_Day', 'LST_TERRA_Night', 'LAI', 'fPAR'], ['Tair', 'vpd', 'SWdown', 'SWdown_clearsky', 'IGBP_veg_short', 'LST_TERRA_Day', 'LST_TERRA_Night', 'LAI', 'fPAR'], ['Tair', 'vpd', 'SWdown', 'LWdown', 'SWdown_clearsky', 'IGBP_veg_short', 'LST_TERRA_Day', 'LST_TERRA_Night', 'LAI', 'fPAR']]
Site US-ICs Ensemble MSE (scaled): 7.781806672665051e-05
Site US-ICs Full model MSE (scaled): 7.822250336175784e-05
Results saved to results_site_US-ICs.csv
