Many modules are hidden in this stack. Use "module --show_hidden spider SOFTWARE" if you are not able to find the required software

The following have been reloaded with a version change:
  1) stack/.2024-04-silent => stack/2024-04


----------------------------------------------------------------------------
  gcc: gcc/8.5.0
----------------------------------------------------------------------------

    You will need to load all module(s) on any one of the lines below before the "gcc/8.5.0" module is available to load.

      stack/.2024-04-silent
      stack/2024-04
 
    Help:
      The GNU Compiler Collection includes front ends for C, C++, Objective-C,
      Fortran, Ada, and Go, as well as libraries for these languages.


 

0it [00:00, ?it/s]1it [24:24, 1464.96s/it]2it [49:23, 1484.80s/it]3it [1:13:51, 1476.97s/it]4it [1:38:30, 1477.93s/it]5it [2:02:03, 1454.62s/it]6it [2:25:16, 1433.46s/it]7it [2:48:02, 1411.37s/it]8it [3:11:23, 1408.20s/it]9it [3:34:00, 1391.99s/it]10it [3:56:52, 1386.00s/it]10it [3:56:52, 1421.26s/it]
[19:36:30] WARNING: /workspace/src/learner.cc:686: Tree method is automatically selected to be 'approx' for faster speed. To use old behavior (exact greedy algorithm on single machine), set tree_method to 'exact'.
[20:00:55] WARNING: /workspace/src/learner.cc:686: Tree method is automatically selected to be 'approx' for faster speed. To use old behavior (exact greedy algorithm on single machine), set tree_method to 'exact'.
[20:25:54] WARNING: /workspace/src/learner.cc:686: Tree method is automatically selected to be 'approx' for faster speed. To use old behavior (exact greedy algorithm on single machine), set tree_method to 'exact'.
[20:50:21] WARNING: /workspace/src/learner.cc:686: Tree method is automatically selected to be 'approx' for faster speed. To use old behavior (exact greedy algorithm on single machine), set tree_method to 'exact'.
[21:15:01] WARNING: /workspace/src/learner.cc:686: Tree method is automatically selected to be 'approx' for faster speed. To use old behavior (exact greedy algorithm on single machine), set tree_method to 'exact'.
[21:38:34] WARNING: /workspace/src/learner.cc:686: Tree method is automatically selected to be 'approx' for faster speed. To use old behavior (exact greedy algorithm on single machine), set tree_method to 'exact'.
[22:01:46] WARNING: /workspace/src/learner.cc:686: Tree method is automatically selected to be 'approx' for faster speed. To use old behavior (exact greedy algorithm on single machine), set tree_method to 'exact'.
[22:24:32] WARNING: /workspace/src/learner.cc:686: Tree method is automatically selected to be 'approx' for faster speed. To use old behavior (exact greedy algorithm on single machine), set tree_method to 'exact'.
[22:47:53] WARNING: /workspace/src/learner.cc:686: Tree method is automatically selected to be 'approx' for faster speed. To use old behavior (exact greedy algorithm on single machine), set tree_method to 'exact'.
[23:10:30] WARNING: /workspace/src/learner.cc:686: Tree method is automatically selected to be 'approx' for faster speed. To use old behavior (exact greedy algorithm on single machine), set tree_method to 'exact'.
   GroupLeftOut       MSE      RMSE        R2       MAE
0             1  0.000272  0.016482  0.753355  0.008763
1             2  0.000438  0.020930  0.667874  0.010856
2             3  0.000443  0.021058  0.655325  0.010893
3             4  0.000337  0.018349  0.725997  0.010065
4             5  0.000677  0.026022  0.589756  0.013567
5             6  0.000371  0.019270  0.671355  0.010764
6             7  0.000438  0.020929  0.684722  0.011384
7             8  0.000295  0.017165  0.695207  0.009814
8             9  0.000312  0.017672  0.670457  0.009469
9            10  0.000240  0.015478  0.739749  0.008766
