Many modules are hidden in this stack. Use "module --show_hidden spider SOFTWARE" if you are not able to find the required software

The following have been reloaded with a version change:
  1) stack/.2024-04-silent => stack/2024-04


----------------------------------------------------------------------------
  gcc: gcc/8.5.0
----------------------------------------------------------------------------

    You will need to load all module(s) on any one of the lines below before the "gcc/8.5.0" module is available to load.

      stack/.2024-04-silent
      stack/2024-04
 
    Help:
      The GNU Compiler Collection includes front ends for C, C++, Objective-C,
      Fortran, Ada, and Go, as well as libraries for these languages.


 

2025-01-28 10:47:11.683218: I external/local_xla/xla/tsl/cuda/cudart_stub.cc:32] Could not find cuda drivers on your machine, GPU will not be used.
2025-01-28 10:47:12.001681: I external/local_xla/xla/tsl/cuda/cudart_stub.cc:32] Could not find cuda drivers on your machine, GPU will not be used.
2025-01-28 10:47:12.261939: E external/local_xla/xla/stream_executor/cuda/cuda_fft.cc:477] Unable to register cuFFT factory: Attempting to register factory for plugin cuFFT when one has already been registered
WARNING: All log messages before absl::InitializeLog() is called are written to STDERR
E0000 00:00:1738057632.502673 3052351 cuda_dnn.cc:8310] Unable to register cuDNN factory: Attempting to register factory for plugin cuDNN when one has already been registered
E0000 00:00:1738057632.571462 3052351 cuda_blas.cc:1418] Unable to register cuBLAS factory: Attempting to register factory for plugin cuBLAS when one has already been registered
2025-01-28 10:47:13.175894: I tensorflow/core/platform/cpu_feature_guard.cc:210] This TensorFlow binary is optimized to use available CPU instructions in performance-critical operations.
To enable the following instructions: AVX2 FMA, in other operations, rebuild TensorFlow with the appropriate compiler flags.
<class 'pandas.core.frame.DataFrame'>
RangeIndex: 29283337 entries, 0 to 29283336
Data columns (total 29 columns):
 #   Column                 Dtype  
---  ------                 -----  
 0   Unnamed: 0             int64  
 1   GPP                    float64
 2   Tair                   float64
 3   vpd                    float64
 4   SWdown                 float64
 5   LWdown                 float64
 6   SWdown_clearsky        float64
 7   LST_TERRA_Day          float64
 8   LST_TERRA_Night        float64
 9   EVI                    float64
 10  NIRv                   float64
 11  NDWI_band7             float64
 12  LAI                    float64
 13  fPAR                   float64
 14  hour                   int64  
 15  IGBP_veg_short_b'MF'   float64
 16  site_id                object 
 17  cluster                int64  
 18  IGBP_veg_short_b'GRA'  float64
 19  IGBP_veg_short_b'ENF'  float64
 20  IGBP_veg_short_b'SAV'  float64
 21  IGBP_veg_short_b'EBF'  float64
 22  IGBP_veg_short_b'WSA'  float64
 23  IGBP_veg_short_b'DBF'  float64
 24  IGBP_veg_short_b'OSH'  float64
 25  IGBP_veg_short_b'CRO'  float64
 26  IGBP_veg_short_b'CSH'  float64
 27  IGBP_veg_short_b'WET'  float64
 28  IGBP_veg_short_b'CVM'  float64
dtypes: float64(25), int64(3), object(1)
memory usage: 7.8 GB
loaded dataframe df
29283337
Index(['Unnamed: 0', 'GPP', 'Tair', 'vpd', 'SWdown', 'LWdown',
       'SWdown_clearsky', 'LST_TERRA_Day', 'LST_TERRA_Night', 'EVI', 'NIRv',
       'NDWI_band7', 'LAI', 'fPAR', 'hour', 'IGBP_veg_short_b'MF'', 'site_id',
       'cluster', 'IGBP_veg_short_b'GRA'', 'IGBP_veg_short_b'ENF'',
       'IGBP_veg_short_b'SAV'', 'IGBP_veg_short_b'EBF'',
       'IGBP_veg_short_b'WSA'', 'IGBP_veg_short_b'DBF'',
       'IGBP_veg_short_b'OSH'', 'IGBP_veg_short_b'CRO'',
       'IGBP_veg_short_b'CSH'', 'IGBP_veg_short_b'WET'',
       'IGBP_veg_short_b'CVM''],
      dtype='object')
  0%|          | 0/25 [00:00<?, ?it/s] 20%|██        | 5/25 [00:00<00:00, 41.05it/s] 40%|████      | 10/25 [00:00<00:00, 43.00it/s] 60%|██████    | 15/25 [00:00<00:00, 44.20it/s] 80%|████████  | 20/25 [00:00<00:00, 44.68it/s]100%|██████████| 25/25 [00:00<00:00, 43.62it/s]100%|██████████| 25/25 [00:00<00:00, 43.61it/s]
converted float64 to float32 for saving memory
  0%|          | 0/10 [00:00<?, ?it/s]2025-01-28 10:49:02.034457: E external/local_xla/xla/stream_executor/cuda/cuda_driver.cc:152] failed call to cuInit: INTERNAL: CUDA error: Failed call to cuInit: CUDA_ERROR_NO_DEVICE: no CUDA-capable device is detected
/cluster/home/akmete/Setup/.venv/lib/python3.11/site-packages/keras/src/layers/rnn/rnn.py:200: UserWarning: Do not pass an `input_shape`/`input_dim` argument to a layer. When using Sequential models, prefer using an `Input(shape)` object as the first layer in the model instead.
  super().__init__(**kwargs)
2025-01-28 12:41:50.891500: I tensorflow/core/framework/local_rendezvous.cc:405] Local rendezvous is aborting with status: OUT_OF_RANGE: End of sequence
	 [[{{node IteratorGetNext}}]]
/cluster/home/akmete/Setup/.venv/lib/python3.11/site-packages/keras/src/trainers/epoch_iterator.py:151: UserWarning: Your input ran out of data; interrupting training. Make sure that your dataset or generator can generate at least `steps_per_epoch * epochs` batches. You may need to use the `.repeat()` function when building your dataset.
  self._interrupted_warning()
2025-01-28 14:32:52.169460: I tensorflow/core/framework/local_rendezvous.cc:405] Local rendezvous is aborting with status: OUT_OF_RANGE: End of sequence
	 [[{{node IteratorGetNext}}]]
