Many modules are hidden in this stack. Use "module --show_hidden spider SOFTWARE" if you are not able to find the required software

The following have been reloaded with a version change:
  1) stack/.2024-04-silent => stack/2024-04


----------------------------------------------------------------------------
  gcc: gcc/8.5.0
----------------------------------------------------------------------------

    You will need to load all module(s) on any one of the lines below before the "gcc/8.5.0" module is available to load.

      stack/.2024-04-silent
      stack/2024-04
 
    Help:
      The GNU Compiler Collection includes front ends for C, C++, Objective-C,
      Fortran, Ada, and Go, as well as libraries for these languages.


 

0it [00:00, ?it/s]1it [28:02, 1682.85s/it]2it [58:20, 1761.99s/it]3it [1:27:50, 1765.83s/it]4it [1:57:52, 1779.90s/it]5it [2:28:01, 1790.55s/it]6it [2:58:34, 1805.03s/it]7it [3:27:41, 1785.90s/it]8it [3:55:57, 1757.23s/it]9it [4:23:21, 1722.01s/it]10it [4:52:25, 1728.68s/it]10it [4:52:25, 1754.53s/it]
[19:30:39] WARNING: /workspace/src/learner.cc:686: Tree method is automatically selected to be 'approx' for faster speed. To use old behavior (exact greedy algorithm on single machine), set tree_method to 'exact'.
[19:58:42] WARNING: /workspace/src/learner.cc:686: Tree method is automatically selected to be 'approx' for faster speed. To use old behavior (exact greedy algorithm on single machine), set tree_method to 'exact'.
[20:28:59] WARNING: /workspace/src/learner.cc:686: Tree method is automatically selected to be 'approx' for faster speed. To use old behavior (exact greedy algorithm on single machine), set tree_method to 'exact'.
[20:58:30] WARNING: /workspace/src/learner.cc:686: Tree method is automatically selected to be 'approx' for faster speed. To use old behavior (exact greedy algorithm on single machine), set tree_method to 'exact'.
[21:28:31] WARNING: /workspace/src/learner.cc:686: Tree method is automatically selected to be 'approx' for faster speed. To use old behavior (exact greedy algorithm on single machine), set tree_method to 'exact'.
[21:58:59] WARNING: /workspace/src/learner.cc:686: Tree method is automatically selected to be 'approx' for faster speed. To use old behavior (exact greedy algorithm on single machine), set tree_method to 'exact'.
[22:29:15] WARNING: /workspace/src/learner.cc:686: Tree method is automatically selected to be 'approx' for faster speed. To use old behavior (exact greedy algorithm on single machine), set tree_method to 'exact'.
[22:58:39] WARNING: /workspace/src/learner.cc:686: Tree method is automatically selected to be 'approx' for faster speed. To use old behavior (exact greedy algorithm on single machine), set tree_method to 'exact'.
[23:26:41] WARNING: /workspace/src/learner.cc:686: Tree method is automatically selected to be 'approx' for faster speed. To use old behavior (exact greedy algorithm on single machine), set tree_method to 'exact'.
[23:54:00] WARNING: /workspace/src/learner.cc:686: Tree method is automatically selected to be 'approx' for faster speed. To use old behavior (exact greedy algorithm on single machine), set tree_method to 'exact'.
   GroupLeftOut       MSE      RMSE        R2       MAE
0             1  0.000361  0.019012  0.635643  0.009959
1             2  0.000611  0.024717  0.634616  0.012857
2             3  0.000358  0.018914  0.703930  0.010538
3             4  0.000468  0.021622  0.660706  0.011352
4             5  0.000245  0.015642  0.711403  0.008763
5             6  0.000421  0.020512  0.634368  0.011396
6             7  0.000443  0.021055  0.620113  0.010629
7             8  0.000305  0.017466  0.725037  0.009702
8             9  0.000276  0.016601  0.752351  0.009307
9            10  0.000409  0.020220  0.709639  0.010726
