Many modules are hidden in this stack. Use "module --show_hidden spider SOFTWARE" if you are not able to find the required software

The following have been reloaded with a version change:
  1) stack/.2024-04-silent => stack/2024-04


----------------------------------------------------------------------------
  gcc: gcc/8.5.0
----------------------------------------------------------------------------

    You will need to load all module(s) on any one of the lines below before the "gcc/8.5.0" module is available to load.

      stack/.2024-04-silent
      stack/2024-04
 
    Help:
      The GNU Compiler Collection includes front ends for C, C++, Objective-C,
      Fortran, Ada, and Go, as well as libraries for these languages.


 

  0%|          | 0/25 [00:00<?, ?it/s] 16%|█▌        | 4/25 [00:00<00:00, 32.82it/s] 32%|███▏      | 8/25 [00:00<00:00, 33.93it/s] 48%|████▊     | 12/25 [00:00<00:00, 34.40it/s] 64%|██████▍   | 16/25 [00:00<00:00, 35.09it/s] 80%|████████  | 20/25 [00:00<00:00, 35.52it/s] 96%|█████████▌| 24/25 [00:00<00:00, 35.69it/s]100%|██████████| 25/25 [00:00<00:00, 34.65it/s]
Index(['Unnamed: 0', 'GPP', 'Tair', 'vpd', 'SWdown', 'LWdown',
       'SWdown_clearsky', 'LST_TERRA_Day', 'LST_TERRA_Night', 'EVI', 'NIRv',
       'NDWI_band7', 'LAI', 'fPAR', 'hour', 'IGBP_veg_short_b'MF'', 'site_id',
       'cluster', 'IGBP_veg_short_b'GRA'', 'IGBP_veg_short_b'ENF'',
       'IGBP_veg_short_b'SAV'', 'IGBP_veg_short_b'EBF'',
       'IGBP_veg_short_b'WSA'', 'IGBP_veg_short_b'DBF'',
       'IGBP_veg_short_b'OSH'', 'IGBP_veg_short_b'CRO'',
       'IGBP_veg_short_b'CSH'', 'IGBP_veg_short_b'WET'',
       'IGBP_veg_short_b'CVM''],
      dtype='object')
0it [00:00, ?it/s]1it [41:44, 2504.81s/it]2it [1:25:31, 2576.74s/it]/var/spool/slurm/slurmd/state/job21584956/slurm_script: line 17: 1567076 Bus error               python /cluster/project/math/akmete/MSc/LOGO/LOGOCVXGB_withplots.py
