Many modules are hidden in this stack. Use "module --show_hidden spider SOFTWARE" if you are not able to find the required software

The following have been reloaded with a version change:
  1) stack/.2024-04-silent => stack/2024-04


----------------------------------------------------------------------------
  gcc: gcc/8.5.0
----------------------------------------------------------------------------

    You will need to load all module(s) on any one of the lines below before the "gcc/8.5.0" module is available to load.

      stack/.2024-04-silent
      stack/2024-04
 
    Help:
      The GNU Compiler Collection includes front ends for C, C++, Objective-C,
      Fortran, Ada, and Go, as well as libraries for these languages.


 

0it [00:00, ?it/s]1it [23:32, 1412.85s/it]2it [50:37, 1537.39s/it]3it [1:16:10, 1535.48s/it]4it [1:42:07, 1543.87s/it]5it [2:07:57, 1546.04s/it]6it [2:29:52, 1467.74s/it]7it [2:53:01, 1441.76s/it]8it [3:16:23, 1429.24s/it]9it [3:40:37, 1436.83s/it]10it [4:03:30, 1417.13s/it]10it [4:03:30, 1461.02s/it]
[19:27:19] WARNING: /workspace/src/learner.cc:686: Tree method is automatically selected to be 'approx' for faster speed. To use old behavior (exact greedy algorithm on single machine), set tree_method to 'exact'.
[19:51:12] WARNING: /workspace/src/learner.cc:686: Tree method is automatically selected to be 'approx' for faster speed. To use old behavior (exact greedy algorithm on single machine), set tree_method to 'exact'.
[20:17:56] WARNING: /workspace/src/learner.cc:686: Tree method is automatically selected to be 'approx' for faster speed. To use old behavior (exact greedy algorithm on single machine), set tree_method to 'exact'.
[20:43:30] WARNING: /workspace/src/learner.cc:686: Tree method is automatically selected to be 'approx' for faster speed. To use old behavior (exact greedy algorithm on single machine), set tree_method to 'exact'.
[21:09:23] WARNING: /workspace/src/learner.cc:686: Tree method is automatically selected to be 'approx' for faster speed. To use old behavior (exact greedy algorithm on single machine), set tree_method to 'exact'.
[21:35:12] WARNING: /workspace/src/learner.cc:686: Tree method is automatically selected to be 'approx' for faster speed. To use old behavior (exact greedy algorithm on single machine), set tree_method to 'exact'.
[21:57:08] WARNING: /workspace/src/learner.cc:686: Tree method is automatically selected to be 'approx' for faster speed. To use old behavior (exact greedy algorithm on single machine), set tree_method to 'exact'.
[22:20:17] WARNING: /workspace/src/learner.cc:686: Tree method is automatically selected to be 'approx' for faster speed. To use old behavior (exact greedy algorithm on single machine), set tree_method to 'exact'.
[22:43:39] WARNING: /workspace/src/learner.cc:686: Tree method is automatically selected to be 'approx' for faster speed. To use old behavior (exact greedy algorithm on single machine), set tree_method to 'exact'.
[23:07:52] WARNING: /workspace/src/learner.cc:686: Tree method is automatically selected to be 'approx' for faster speed. To use old behavior (exact greedy algorithm on single machine), set tree_method to 'exact'.
   GroupLeftOut       MSE      RMSE        R2       MAE
0             0  0.000351  0.018734  0.674448  0.009835
1             1  0.000417  0.020412  0.606278  0.010970
2             2  0.000278  0.016679  0.669044  0.009451
3             3  0.000443  0.021051  0.691820  0.010718
4             4  0.000252  0.015889  0.707933  0.009186
5             5  0.000576  0.024002  0.675929  0.013316
6             6  0.000414  0.020336  0.683714  0.010776
7             7  0.000123  0.011068  0.291244  0.006623
8             8  0.000512  0.022622  0.686731  0.012651
9             9  0.000348  0.018642  0.704375  0.009794
