Many modules are hidden in this stack. Use "module --show_hidden spider SOFTWARE" if you are not able to find the required software

The following have been reloaded with a version change:
  1) stack/.2024-04-silent => stack/2024-04


----------------------------------------------------------------------------
  gcc: gcc/8.5.0
----------------------------------------------------------------------------

    You will need to load all module(s) on any one of the lines below before the "gcc/8.5.0" module is available to load.

      stack/.2024-04-silent
      stack/2024-04
 
    Help:
      The GNU Compiler Collection includes front ends for C, C++, Objective-C,
      Fortran, Ada, and Go, as well as libraries for these languages.


 

  0%|          | 0/25 [00:00<?, ?it/s] 16%|█▌        | 4/25 [00:00<00:00, 34.16it/s] 32%|███▏      | 8/25 [00:00<00:00, 36.12it/s] 52%|█████▏    | 13/25 [00:00<00:00, 38.09it/s] 72%|███████▏  | 18/25 [00:00<00:00, 38.92it/s] 92%|█████████▏| 23/25 [00:00<00:00, 39.35it/s]100%|██████████| 25/25 [00:00<00:00, 37.92it/s]
Index(['Unnamed: 0', 'GPP', 'Tair', 'vpd', 'SWdown', 'LWdown',
       'SWdown_clearsky', 'LST_TERRA_Day', 'LST_TERRA_Night', 'EVI', 'NIRv',
       'NDWI_band7', 'LAI', 'fPAR', 'hour', 'IGBP_veg_short_b'MF'', 'site_id',
       'cluster', 'IGBP_veg_short_b'GRA'', 'IGBP_veg_short_b'ENF'',
       'IGBP_veg_short_b'SAV'', 'IGBP_veg_short_b'EBF'',
       'IGBP_veg_short_b'WSA'', 'IGBP_veg_short_b'DBF'',
       'IGBP_veg_short_b'OSH'', 'IGBP_veg_short_b'CRO'',
       'IGBP_veg_short_b'CSH'', 'IGBP_veg_short_b'WET'',
       'IGBP_veg_short_b'CVM''],
      dtype='object')
0it [00:00, ?it/s]1it [37:48, 2268.60s/it]2it [1:18:42, 2377.52s/it]3it [1:55:50, 2309.52s/it]4it [2:33:21, 2286.30s/it]5it [3:12:14, 2303.12s/it]6it [3:47:10, 2232.80s/it]/cluster/project/math/akmete/MSc/LOGO/LOGOCVXGB.py:63: RuntimeWarning: divide by zero encountered in divide
  relative_error = np.mean(np.abs(y_test_standard - y_pred) / np.abs(y_test_standard))
7it [4:22:59, 2205.23s/it]8it [4:57:40, 2165.57s/it]9it [5:34:41, 2182.91s/it]10it [6:11:30, 2191.00s/it]10it [6:11:30, 2229.02s/it]
[21:51:26] WARNING: /workspace/src/learner.cc:686: Tree method is automatically selected to be 'approx' for faster speed. To use old behavior (exact greedy algorithm on single machine), set tree_method to 'exact'.
[22:29:13] WARNING: /workspace/src/learner.cc:686: Tree method is automatically selected to be 'approx' for faster speed. To use old behavior (exact greedy algorithm on single machine), set tree_method to 'exact'.
[23:10:07] WARNING: /workspace/src/learner.cc:686: Tree method is automatically selected to be 'approx' for faster speed. To use old behavior (exact greedy algorithm on single machine), set tree_method to 'exact'.
[23:47:15] WARNING: /workspace/src/learner.cc:686: Tree method is automatically selected to be 'approx' for faster speed. To use old behavior (exact greedy algorithm on single machine), set tree_method to 'exact'.
[00:24:46] WARNING: /workspace/src/learner.cc:686: Tree method is automatically selected to be 'approx' for faster speed. To use old behavior (exact greedy algorithm on single machine), set tree_method to 'exact'.
[01:03:39] WARNING: /workspace/src/learner.cc:686: Tree method is automatically selected to be 'approx' for faster speed. To use old behavior (exact greedy algorithm on single machine), set tree_method to 'exact'.
[01:38:35] WARNING: /workspace/src/learner.cc:686: Tree method is automatically selected to be 'approx' for faster speed. To use old behavior (exact greedy algorithm on single machine), set tree_method to 'exact'.
[02:14:23] WARNING: /workspace/src/learner.cc:686: Tree method is automatically selected to be 'approx' for faster speed. To use old behavior (exact greedy algorithm on single machine), set tree_method to 'exact'.
[02:49:04] WARNING: /workspace/src/learner.cc:686: Tree method is automatically selected to be 'approx' for faster speed. To use old behavior (exact greedy algorithm on single machine), set tree_method to 'exact'.
[03:26:05] WARNING: /workspace/src/learner.cc:686: Tree method is automatically selected to be 'approx' for faster speed. To use old behavior (exact greedy algorithm on single machine), set tree_method to 'exact'.
   group_left_out       mse        R2  Relative Error       MAE      RMSE
0               0  0.000279  0.741526        3.159811  0.008513  0.016693
1               1  0.000382  0.639137        4.244128  0.010383  0.019541
2               2  0.000233  0.722955        2.121698  0.007990  0.015261
3               3  0.000333  0.768562        2.440562  0.009199  0.018243
4               4  0.000180  0.791608        2.254540  0.007299  0.013421
5               5  0.000485  0.727381       10.030533  0.011921  0.022014
6               6  0.000348  0.734142             inf  0.009757  0.018645
7               7  0.000068  0.604846        2.036922  0.004402  0.008265
8               8  0.000466  0.714595        3.205620  0.011846  0.021592
9               9  0.000299  0.745768        2.405151  0.008631  0.017287
