Many modules are hidden in this stack. Use "module --show_hidden spider SOFTWARE" if you are not able to find the required software

The following have been reloaded with a version change:
  1) stack/.2024-04-silent => stack/2024-04


----------------------------------------------------------------------------
  gcc: gcc/8.5.0
----------------------------------------------------------------------------

    You will need to load all module(s) on any one of the lines below before the "gcc/8.5.0" module is available to load.

      stack/.2024-04-silent
      stack/2024-04
 
    Help:
      The GNU Compiler Collection includes front ends for C, C++, Objective-C,
      Fortran, Ada, and Go, as well as libraries for these languages.


 

  0%|          | 0/25 [00:00<?, ?it/s] 12%|█▏        | 3/25 [00:00<00:00, 28.85it/s] 24%|██▍       | 6/25 [00:00<00:00, 29.50it/s] 36%|███▌      | 9/25 [00:00<00:00, 29.59it/s] 48%|████▊     | 12/25 [00:00<00:00, 29.58it/s] 64%|██████▍   | 16/25 [00:00<00:00, 30.02it/s] 80%|████████  | 20/25 [00:00<00:00, 30.06it/s] 96%|█████████▌| 24/25 [00:00<00:00, 30.01it/s]100%|██████████| 25/25 [00:00<00:00, 29.34it/s]
Index(['Unnamed: 0', 'GPP', 'Tair', 'vpd', 'SWdown', 'LWdown',
       'SWdown_clearsky', 'LST_TERRA_Day', 'LST_TERRA_Night', 'EVI', 'NIRv',
       'NDWI_band7', 'LAI', 'fPAR', 'hour', 'IGBP_veg_short_b'MF'', 'site_id',
       'cluster', 'IGBP_veg_short_b'GRA'', 'IGBP_veg_short_b'ENF'',
       'IGBP_veg_short_b'SAV'', 'IGBP_veg_short_b'EBF'',
       'IGBP_veg_short_b'WSA'', 'IGBP_veg_short_b'DBF'',
       'IGBP_veg_short_b'OSH'', 'IGBP_veg_short_b'CRO'',
       'IGBP_veg_short_b'CSH'', 'IGBP_veg_short_b'WET'',
       'IGBP_veg_short_b'CVM''],
      dtype='object')
0it [00:00, ?it/s]1it [37:16, 2236.66s/it]2it [1:19:39, 2416.97s/it]3it [2:01:20, 2455.16s/it]