Many modules are hidden in this stack. Use "module --show_hidden spider SOFTWARE" if you are not able to find the required software
/cluster/software/stacks/2024-06/spack/opt/spack/linux-ubuntu22.04-x86_64_v3/gcc-12.2.0/python-3.11.6-ukhwpjnwzzzizek3pgr75zkbhxros5fq/lib/python3.11/site-packages/torch/cuda/__init__.py:619: UserWarning: Can't initialize NVML
  warnings.warn("Can't initialize NVML")
modules and torch imported
Index(['GPP', 'Tair', 'vpd', 'SWdown', 'LWdown', 'SWdown_clearsky',
       'LST_TERRA_Day', 'LST_TERRA_Night', 'EVI', 'NIRv', 'NDWI_band7', 'LAI',
       'fPAR', 'hour', 'IGBP_veg_short_b'MF'', 'site_id',
       'IGBP_veg_short_b'GRA'', 'IGBP_veg_short_b'ENF'',
       'IGBP_veg_short_b'SAV'', 'IGBP_veg_short_b'EBF'',
       'IGBP_veg_short_b'WSA'', 'IGBP_veg_short_b'DBF'',
       'IGBP_veg_short_b'OSH'', 'IGBP_veg_short_b'CRO'',
       'IGBP_veg_short_b'CSH'', 'IGBP_veg_short_b'WET'',
       'IGBP_veg_short_b'CVM''],
      dtype='object')
            GPP     Tair  ...  IGBP_veg_short_b'WET'  IGBP_veg_short_b'CVM'
0 -2.190074e-08  296.539  ...                    0.0                    0.0
1 -2.026436e-08  296.780  ...                    0.0                    0.0
2 -2.037174e-08  296.932  ...                    0.0                    0.0
3 -1.944209e-08  297.050  ...                    0.0                    0.0
4 -1.816712e-08  297.650  ...                    0.0                    0.0

[5 rows x 27 columns]
357656
Site AR-SLu: X shape = torch.Size([20372, 25]), y shape = torch.Size([20372, 1])
Site AT-Neu: X shape = torch.Size([171481, 25]), y shape = torch.Size([171481, 1])
Site AU-ASM: X shape = torch.Size([64818, 25]), y shape = torch.Size([64818, 1])
Site AU-Cpr: X shape = torch.Size([66576, 25]), y shape = torch.Size([66576, 1])
Site AU-Cum: X shape = torch.Size([34409, 25]), y shape = torch.Size([34409, 1])
Checking for NaNs in train/test environments...
Iteration 00000 | Reg: 0.00000 | Error: 104.31000 | Penalty: 67.27550
Iteration 01000 | Reg: 0.00000 | Error: 0.01016 | Penalty: 0.00011
Iteration 02000 | Reg: 0.00000 | Error: 0.00977 | Penalty: 0.00010
Iteration 03000 | Reg: 0.00000 | Error: 0.01060 | Penalty: 0.00008
Iteration 04000 | Reg: 0.00000 | Error: 0.01238 | Penalty: 0.00007
IRM (reg=0.000) has 0.727 validation error.
Iteration 00000 | Reg: 0.00001 | Error: 104.31000 | Penalty: 67.27550
Iteration 01000 | Reg: 0.00001 | Error: 0.01016 | Penalty: 0.00011
Iteration 02000 | Reg: 0.00001 | Error: 0.00977 | Penalty: 0.00010
Iteration 03000 | Reg: 0.00001 | Error: 0.01060 | Penalty: 0.00008
Iteration 04000 | Reg: 0.00001 | Error: 0.01237 | Penalty: 0.00007
IRM (reg=0.000) has 0.727 validation error.
Iteration 00000 | Reg: 0.00010 | Error: 104.31000 | Penalty: 67.27550
Iteration 01000 | Reg: 0.00010 | Error: 0.01015 | Penalty: 0.00011
Iteration 02000 | Reg: 0.00010 | Error: 0.00977 | Penalty: 0.00010
Iteration 03000 | Reg: 0.00010 | Error: 0.01058 | Penalty: 0.00009
Iteration 04000 | Reg: 0.00010 | Error: 0.01227 | Penalty: 0.00007
IRM (reg=0.000) has 0.725 validation error.
Iteration 00000 | Reg: 0.00100 | Error: 104.31000 | Penalty: 67.27550
Iteration 01000 | Reg: 0.00100 | Error: 0.01007 | Penalty: 0.00011
Iteration 02000 | Reg: 0.00100 | Error: 0.00973 | Penalty: 0.00010
Iteration 03000 | Reg: 0.00100 | Error: 0.01040 | Penalty: 0.00009
Iteration 04000 | Reg: 0.00100 | Error: 0.01150 | Penalty: 0.00007
IRM (reg=0.001) has 0.713 validation error.
Iteration 00000 | Reg: 0.01000 | Error: 104.31000 | Penalty: 67.27550
Iteration 01000 | Reg: 0.01000 | Error: 0.00963 | Penalty: 0.00011
Iteration 02000 | Reg: 0.01000 | Error: 0.00952 | Penalty: 0.00010
Iteration 03000 | Reg: 0.01000 | Error: 0.00957 | Penalty: 0.00009
Iteration 04000 | Reg: 0.01000 | Error: 0.00954 | Penalty: 0.00008
IRM (reg=0.010) has 0.672 validation error.
Iteration 00000 | Reg: 0.10000 | Error: 104.31000 | Penalty: 67.27550
Iteration 01000 | Reg: 0.10000 | Error: 0.00926 | Penalty: 0.00011
Iteration 02000 | Reg: 0.10000 | Error: 0.00919 | Penalty: 0.00010
Iteration 03000 | Reg: 0.10000 | Error: 0.00918 | Penalty: 0.00010
Iteration 04000 | Reg: 0.10000 | Error: 0.00917 | Penalty: 0.00009
IRM (reg=0.100) has 0.598 validation error.
Final Learned Solution: [[ 6.1822385e-02]
 [-1.3493806e-02]
 [ 5.2689821e-02]
 [-2.1264255e-03]
 [ 1.3790646e-01]
 [-7.2637200e-04]
 [-1.5547156e-02]
 [ 4.7381163e-02]
 [ 1.4735192e-01]
 [ 7.2560906e-03]
 [-8.3461851e-02]
 [ 3.1955719e-02]
 [ 6.1466098e-03]
 [ 2.7218485e-01]
 [ 2.3410803e-01]
 [ 2.3572350e-01]
 [ 1.0000000e+00]
 [ 1.0000000e+00]
 [ 1.0000000e+00]
 [ 1.0000000e+00]
 [ 1.0000000e+00]
 [ 1.0000000e+00]
 [ 1.0000000e+00]
 [ 1.0000000e+00]
 [ 1.0000000e+00]]
Test MSE (on scaled data): 0.6277256011962891
