Many modules are hidden in this stack. Use "module --show_hidden spider SOFTWARE" if you are not able to find the required software
/cluster/software/stacks/2024-06/spack/opt/spack/linux-ubuntu22.04-x86_64_v3/gcc-12.2.0/python-3.11.6-ukhwpjnwzzzizek3pgr75zkbhxros5fq/lib/python3.11/site-packages/torch/cuda/__init__.py:619: UserWarning: Can't initialize NVML
  warnings.warn("Can't initialize NVML")
modules and torch imported
Index(['GPP', 'Tair', 'vpd', 'SWdown', 'LWdown', 'SWdown_clearsky',
       'LST_TERRA_Day', 'LST_TERRA_Night', 'EVI', 'NIRv', 'NDWI_band7', 'LAI',
       'fPAR', 'hour', 'IGBP_veg_short_b'MF'', 'site_id',
       'IGBP_veg_short_b'GRA'', 'IGBP_veg_short_b'ENF'',
       'IGBP_veg_short_b'SAV'', 'IGBP_veg_short_b'EBF'',
       'IGBP_veg_short_b'WSA'', 'IGBP_veg_short_b'DBF'',
       'IGBP_veg_short_b'OSH'', 'IGBP_veg_short_b'CRO'',
       'IGBP_veg_short_b'CSH'', 'IGBP_veg_short_b'WET'',
       'IGBP_veg_short_b'CVM''],
      dtype='object')
            GPP     Tair  ...  IGBP_veg_short_b'WET'  IGBP_veg_short_b'CVM'
0 -2.190074e-08  296.539  ...                    0.0                    0.0
1 -2.026436e-08  296.780  ...                    0.0                    0.0
2 -2.037174e-08  296.932  ...                    0.0                    0.0
3 -1.944209e-08  297.050  ...                    0.0                    0.0
4 -1.816712e-08  297.650  ...                    0.0                    0.0

[5 rows x 27 columns]
687685
Site AR-SLu: X shape = torch.Size([20372, 25]), y shape = torch.Size([20372, 1])
Site AT-Neu: X shape = torch.Size([171481, 25]), y shape = torch.Size([171481, 1])
Site AU-ASM: X shape = torch.Size([64818, 25]), y shape = torch.Size([64818, 1])
Site AU-Cpr: X shape = torch.Size([66576, 25]), y shape = torch.Size([66576, 1])
Site AU-Cum: X shape = torch.Size([34409, 25]), y shape = torch.Size([34409, 1])
Site AU-DaP: X shape = torch.Size([79362, 25]), y shape = torch.Size([79362, 1])
Site AU-DaS: X shape = torch.Size([105397, 25]), y shape = torch.Size([105397, 1])
Site AU-Dry: X shape = torch.Size([74559, 25]), y shape = torch.Size([74559, 1])
Site AU-Emr: X shape = torch.Size([39437, 25]), y shape = torch.Size([39437, 1])
Site AU-GWW: X shape = torch.Size([31274, 25]), y shape = torch.Size([31274, 1])
Checking for NaNs in train/test environments...
Iteration 00000 | Reg: 0.00000 | Error: 317.52127 | Penalty: 219.87996
Iteration 01000 | Reg: 0.00000 | Error: 0.01388 | Penalty: 0.00013
Iteration 02000 | Reg: 0.00000 | Error: 0.01290 | Penalty: 0.00010
Iteration 03000 | Reg: 0.00000 | Error: 0.01318 | Penalty: 0.00009
Iteration 04000 | Reg: 0.00000 | Error: 0.01360 | Penalty: 0.00009
IRM (reg=0.000) has 0.001 validation error.
Iteration 00000 | Reg: 0.00001 | Error: 317.52127 | Penalty: 219.87996
Iteration 01000 | Reg: 0.00001 | Error: 0.01388 | Penalty: 0.00013
Iteration 02000 | Reg: 0.00001 | Error: 0.01290 | Penalty: 0.00010
Iteration 03000 | Reg: 0.00001 | Error: 0.01318 | Penalty: 0.00009
Iteration 04000 | Reg: 0.00001 | Error: 0.01359 | Penalty: 0.00009
IRM (reg=0.000) has 0.001 validation error.
Iteration 00000 | Reg: 0.00010 | Error: 317.52127 | Penalty: 219.87996
Iteration 01000 | Reg: 0.00010 | Error: 0.01386 | Penalty: 0.00013
Iteration 02000 | Reg: 0.00010 | Error: 0.01290 | Penalty: 0.00010
Iteration 03000 | Reg: 0.00010 | Error: 0.01317 | Penalty: 0.00009
Iteration 04000 | Reg: 0.00010 | Error: 0.01356 | Penalty: 0.00009
IRM (reg=0.000) has 0.001 validation error.
Iteration 00000 | Reg: 0.00100 | Error: 317.52127 | Penalty: 219.87996
Iteration 01000 | Reg: 0.00100 | Error: 0.01372 | Penalty: 0.00013
Iteration 02000 | Reg: 0.00100 | Error: 0.01286 | Penalty: 0.00010
Iteration 03000 | Reg: 0.00100 | Error: 0.01304 | Penalty: 0.00009
Iteration 04000 | Reg: 0.00100 | Error: 0.01327 | Penalty: 0.00009
IRM (reg=0.001) has 0.001 validation error.
Iteration 00000 | Reg: 0.01000 | Error: 317.52127 | Penalty: 219.87996
Iteration 01000 | Reg: 0.01000 | Error: 0.01299 | Penalty: 0.00011
Iteration 02000 | Reg: 0.01000 | Error: 0.01264 | Penalty: 0.00010
Iteration 03000 | Reg: 0.01000 | Error: 0.01257 | Penalty: 0.00009
Iteration 04000 | Reg: 0.01000 | Error: 0.01252 | Penalty: 0.00009
IRM (reg=0.010) has 0.001 validation error.
Iteration 00000 | Reg: 0.10000 | Error: 317.52127 | Penalty: 219.87996
Iteration 01000 | Reg: 0.10000 | Error: 0.01251 | Penalty: 0.00010
Iteration 02000 | Reg: 0.10000 | Error: 0.01237 | Penalty: 0.00010
Iteration 03000 | Reg: 0.10000 | Error: 0.01233 | Penalty: 0.00010
Iteration 04000 | Reg: 0.10000 | Error: 0.01232 | Penalty: 0.00009
IRM (reg=0.100) has 0.001 validation error.
Final Learned Solution: [[ 1.3233775e-01]
 [-6.1656117e-02]
 [ 1.3592124e-02]
 [-3.1314701e-02]
 [ 1.0792500e-01]
 [ 9.8832548e-03]
 [-8.6402893e-04]
 [ 5.5391103e-02]
 [-5.7415366e-03]
 [ 3.1995773e-03]
 [ 4.2359054e-02]
 [ 2.2765070e-02]
 [ 1.0441184e-02]
 [ 2.4039769e-01]
 [ 2.1808168e-01]
 [ 2.3277447e-01]
 [ 2.2826558e-01]
 [ 2.0497912e-01]
 [ 1.0000000e+00]
 [ 1.0000000e+00]
 [ 1.0000000e+00]
 [ 1.0000000e+00]
 [ 1.0000000e+00]
 [ 1.0000000e+00]
 [ 1.0000000e+00]]
Test MSE (on scaled data): 0.0006825226591899991
