Many modules are hidden in this stack. Use "module --show_hidden spider SOFTWARE" if you are not able to find the required software

The following have been reloaded with a version change:
  1) stack/.2024-04-silent => stack/2024-04


----------------------------------------------------------------------------
  gcc: gcc/8.5.0
----------------------------------------------------------------------------

    You will need to load all module(s) on any one of the lines below before the "gcc/8.5.0" module is available to load.

      stack/.2024-04-silent
      stack/2024-04
 
    Help:
      The GNU Compiler Collection includes front ends for C, C++, Objective-C,
      Fortran, Ada, and Go, as well as libraries for these languages.


 

/cluster/project/math/akmete/MSc/CompareLOGO&MinimalDomainShift/compare.py:72: MatplotlibDeprecationWarning: The 'labels' parameter of boxplot() has been renamed 'tick_labels' since Matplotlib 3.9; support for the old name will be dropped in 3.11.
  plt.boxplot(data, labels=['LOGO Setting', 'Minimal Domain Shift Setting'])
Columns in comparison_df: Index(['group', 'mse_left_out', 'r2_left_out', 'RE_left_out', 'MAE_left_out',
       'RMSE_left_out', 'Unnamed: 0', 'mse_minimal_shift', 'r2_minimal_shift',
       'RE_minimal_shift', 'MAE_minimal_shift', 'RMSE_minimal_shift'],
      dtype='object')
MSE bar plot saved at: /cluster/project/math/akmete/MSc/CompareLOGO&MinimalDomainShift/plots_comparison/mse_barplot.png
RMSE bar plot saved at: /cluster/project/math/akmete/MSc/CompareLOGO&MinimalDomainShift/plots_comparison/rmse_barplot.png
R2 bar plot saved at: /cluster/project/math/akmete/MSc/CompareLOGO&MinimalDomainShift/plots_comparison/r2_barplot.png
RE bar plot saved at: /cluster/project/math/akmete/MSc/CompareLOGO&MinimalDomainShift/plots_comparison/re_barplot.png
MAE bar plot saved at: /cluster/project/math/akmete/MSc/CompareLOGO&MinimalDomainShift/plots_comparison/mae_barplot.png
Combined RMSE boxplot saved at: /cluster/project/math/akmete/MSc/CompareLOGO&MinimalDomainShift/plots_comparison/rmse_combined_boxplot.png
